<?xml version="1.0" encoding="UTF-8"?>
<testsuites name="TestSuite1" time="32" tests="4" failures="0" errors="0">
   <testsuite name="TestSuite1" tests="4" failures="0" errors="0" time="32" timestamp="2019-04-08 13:42:42" hostname="stepanyuk - Stepanyuk_A.eney2015.local" id="Test Suites/TestSuite1">
      <properties>
         <property name="deviceName" value=""/>
         <property name="devicePlatform" value=""/>
         <property name="logFolder" value="C:\\Users\\stepanyuk\\Katalon Studio\\Api Demo Project\\Reports\\TestSuite1\\20190408_134222"/>
         <property name="logFiles" value="C:\\Users\\stepanyuk\\Katalon Studio\\Api Demo Project\\Reports\\TestSuite1\\20190408_134222\\execution0.log"/>
         <property name="attachments" value=""/>
         <property name="hostName" value="stepanyuk - Stepanyuk_A.eney2015.local"/>
         <property name="hostAddress" value="192.168.56.1"/>
         <property name="os" value="Windows 10 64bit"/>
         <property name="katalonVersion" value="6.1.0.1"/>
      </properties>
      <testcase name="Test Cases/CalculatorTest/AddTest" classname="Test Cases/CalculatorTest/AddTest" status="PASSED">
         <system-out><![CDATA[2019-04-08 13:42:43 - [TEST_CASE][PASSED] - Test Cases/CalculatorTest/AddTest: Test Cases/CalculatorTest/AddTest

2019-04-08 13:42:45 - [TEST_STEP][PASSED] - sendRequest(findTestObject("CalculatorSoapService/AddCalc")): Send request successfully

2019-04-08 13:42:53 - [MESSAGE][INFO] - HAR: C:\Users\stepanyuk\Katalon Studio\Api Demo Project\Reports\TestSuite1\20190408_134222\requests\main\0.har

2019-04-08 13:42:53 - [MESSAGE][PASSED] - Send request successfully

2019-04-08 13:42:53 - [TEST_STEP][PASSED] - response = sendRequestAndVerify(findTestObject("CalculatorSoapService/AddCalc")): Send request and verify the response successfully

2019-04-08 13:42:54 - [TEST_CASE][PASSED] - Start Test Case : Verification: Verification accomplished successfully

2019-04-08 13:42:55 - [TEST_STEP][PASSED] - request = getInstance().getCurrentRequest(): null

2019-04-08 13:42:55 - [TEST_STEP][PASSED] - response = getInstance().getCurrentResponse(): null

2019-04-08 13:42:55 - [TEST_STEP][PASSED] - verifyResponseStatusCode(response, 200): Verify response status code successfully

2019-04-08 13:42:55 - [MESSAGE][PASSED] - Verify response status code successfully

2019-04-08 13:42:55 - [TEST_STEP][PASSED] - getStatusCode()).isEqualTo(200): null

2019-04-08 13:42:56 - [TEST_STEP][PASSED] - getResponseText()).contains("AddResult"): null

2019-04-08 13:42:56 - [TEST_STEP][PASSED] - verifyElementText(response, "AddResponse.AddResult", "7"): Verify element text successfully

2019-04-08 13:42:58 - [MESSAGE][PASSED] - Verify element text successfully

2019-04-08 13:42:58 - [MESSAGE][PASSED] - Verify response successfully

2019-04-08 13:42:58 - [MESSAGE][PASSED] - Send request and verify the response successfully]]></system-out>
         <system-err><![CDATA[]]></system-err>
      </testcase>
      <testcase name="Test Cases/ReqresTest/UsersListTest" classname="Test Cases/ReqresTest/UsersListTest" status="PASSED">
         <system-out><![CDATA[2019-04-08 13:42:58 - [TEST_CASE][PASSED] - Test Cases/ReqresTest/UsersListTest: Test Cases/ReqresTest/UsersListTest

2019-04-08 13:42:59 - [TEST_STEP][PASSED] - sendRequest(findTestObject("ReqresRestService/ListUsers")): Send request successfully

2019-04-08 13:43:04 - [MESSAGE][INFO] - HAR: C:\Users\stepanyuk\Katalon Studio\Api Demo Project\Reports\TestSuite1\20190408_134222\requests\main\1.har

2019-04-08 13:43:04 - [MESSAGE][PASSED] - Send request successfully

2019-04-08 13:43:04 - [TEST_STEP][PASSED] - response = sendRequestAndVerify(findTestObject("ReqresRestService/ListUsers")): Send request and verify the response successfully

2019-04-08 13:43:04 - [TEST_CASE][PASSED] - Start Test Case : Verification: Verification accomplished successfully

2019-04-08 13:43:04 - [TEST_STEP][PASSED] - request = getInstance().getCurrentRequest(): null

2019-04-08 13:43:05 - [TEST_STEP][PASSED] - response = getInstance().getCurrentResponse(): null

2019-04-08 13:43:05 - [TEST_STEP][PASSED] - verifyResponseStatusCode(response, 200): Verify response status code successfully

2019-04-08 13:43:05 - [MESSAGE][PASSED] - Verify response status code successfully

2019-04-08 13:43:05 - [TEST_STEP][PASSED] - getStatusCode()).isEqualTo(200): null

2019-04-08 13:43:05 - [TEST_STEP][PASSED] - verifyElementPropertyValue(response, "data[1].first_name", "Charles"): Verify element property value successfully

2019-04-08 13:43:05 - [MESSAGE][PASSED] - Verify element property value successfully

2019-04-08 13:43:05 - [MESSAGE][PASSED] - Verify response successfully

2019-04-08 13:43:05 - [MESSAGE][PASSED] - Send request and verify the response successfully

2019-04-08 13:43:05 - [TEST_STEP][PASSED] - verifyElementPropertyValue(response, "data[1].first_name", "Charles"): Verify element property value successfully

2019-04-08 13:43:05 - [MESSAGE][PASSED] - Verify element property value successfully

2019-04-08 13:43:05 - [TEST_STEP][PASSED] - verifyElementPropertyValue(response, "data[1].id", "5"): Verify element property value successfully

2019-04-08 13:43:05 - [MESSAGE][PASSED] - Verify element property value successfully

2019-04-08 13:43:05 - [TEST_STEP][PASSED] - verifyElementPropertyValue(response, "data[2].id", "6"): Verify element property value successfully

2019-04-08 13:43:05 - [MESSAGE][PASSED] - Verify element property value successfully

2019-04-08 13:43:05 - [TEST_STEP][PASSED] - verifyElementsCount(response, "data", 3): Verify element count successfully

2019-04-08 13:43:05 - [MESSAGE][PASSED] - Verify element count successfully]]></system-out>
         <system-err><![CDATA[]]></system-err>
      </testcase>
      <testcase name="Test Cases/ReqresTest/HttpMethodsTest" classname="Test Cases/ReqresTest/HttpMethodsTest" status="PASSED">
         <system-out><![CDATA[2019-04-08 13:43:05 - [TEST_CASE][PASSED] - Test Cases/ReqresTest/HttpMethodsTest: Test Cases/ReqresTest/HttpMethodsTest

2019-04-08 13:43:06 - [TEST_STEP][PASSED] - sendRequestAndVerify(findTestObject("ReqresRestService/ListUsers")): Send request and verify the response successfully

2019-04-08 13:43:08 - [TEST_CASE][PASSED] - Start Test Case : Verification: Verification accomplished successfully

2019-04-08 13:43:08 - [TEST_STEP][PASSED] - request = getInstance().getCurrentRequest(): null

2019-04-08 13:43:08 - [TEST_STEP][PASSED] - response = getInstance().getCurrentResponse(): null

2019-04-08 13:43:08 - [TEST_STEP][PASSED] - verifyResponseStatusCode(response, 200): Verify response status code successfully

2019-04-08 13:43:08 - [MESSAGE][PASSED] - Verify response status code successfully

2019-04-08 13:43:08 - [TEST_STEP][PASSED] - getStatusCode()).isEqualTo(200): null

2019-04-08 13:43:08 - [TEST_STEP][PASSED] - verifyElementPropertyValue(response, "data[1].first_name", "Charles"): Verify element property value successfully

2019-04-08 13:43:08 - [MESSAGE][PASSED] - Verify element property value successfully

2019-04-08 13:43:08 - [MESSAGE][PASSED] - Verify response successfully

2019-04-08 13:43:08 - [MESSAGE][PASSED] - Send request and verify the response successfully

2019-04-08 13:43:08 - [TEST_STEP][PASSED] - sendRequestAndVerify(findTestObject("ReqresRestService/UserCreation")): Send request and verify the response successfully

2019-04-08 13:43:09 - [TEST_CASE][PASSED] - Start Test Case : Verification: Verification accomplished successfully

2019-04-08 13:43:09 - [TEST_STEP][PASSED] - request = getInstance().getCurrentRequest(): null

2019-04-08 13:43:09 - [TEST_STEP][PASSED] - response = getInstance().getCurrentResponse(): null

2019-04-08 13:43:09 - [MESSAGE][PASSED] - Verify response successfully

2019-04-08 13:43:09 - [MESSAGE][PASSED] - Send request and verify the response successfully

2019-04-08 13:43:09 - [TEST_STEP][PASSED] - sendRequestAndVerify(findTestObject("ReqresRestService/UserUpdate")): Send request and verify the response successfully

2019-04-08 13:43:10 - [TEST_CASE][PASSED] - Start Test Case : Verification: Verification accomplished successfully

2019-04-08 13:43:10 - [TEST_STEP][PASSED] - request = getInstance().getCurrentRequest(): null

2019-04-08 13:43:10 - [TEST_STEP][PASSED] - response = getInstance().getCurrentResponse(): null

2019-04-08 13:43:10 - [MESSAGE][PASSED] - Verify response successfully

2019-04-08 13:43:10 - [MESSAGE][PASSED] - Send request and verify the response successfully

2019-04-08 13:43:10 - [TEST_STEP][PASSED] - sendRequestAndVerify(findTestObject("ReqresRestService/UserDelete")): Send request and verify the response successfully

2019-04-08 13:43:11 - [TEST_CASE][PASSED] - Start Test Case : Verification: Verification accomplished successfully

2019-04-08 13:43:11 - [TEST_STEP][PASSED] - request = getInstance().getCurrentRequest(): null

2019-04-08 13:43:12 - [TEST_STEP][PASSED] - response = getInstance().getCurrentResponse(): null

2019-04-08 13:43:12 - [TEST_STEP][PASSED] - verifyResponseStatusCode(response, 204): Verify response status code successfully

2019-04-08 13:43:12 - [MESSAGE][PASSED] - Verify response status code successfully

2019-04-08 13:43:12 - [TEST_STEP][PASSED] - getStatusCode()).isEqualTo(204): null

2019-04-08 13:43:12 - [MESSAGE][PASSED] - Verify response successfully

2019-04-08 13:43:12 - [MESSAGE][PASSED] - Send request and verify the response successfully]]></system-out>
         <system-err><![CDATA[]]></system-err>
      </testcase>
      <testcase name="Test Cases/ReqresTest/UsersListTest" classname="Test Cases/ReqresTest/UsersListTest" status="PASSED">
         <system-out><![CDATA[2019-04-08 13:43:12 - [TEST_CASE][PASSED] - Test Cases/ReqresTest/UsersListTest: Test Cases/ReqresTest/UsersListTest

2019-04-08 13:43:12 - [TEST_STEP][PASSED] - sendRequest(findTestObject("ReqresRestService/ListUsers")): Send request successfully

2019-04-08 13:43:13 - [MESSAGE][INFO] - HAR: C:\Users\stepanyuk\Katalon Studio\Api Demo Project\Reports\TestSuite1\20190408_134222\requests\main\2.har

2019-04-08 13:43:13 - [MESSAGE][PASSED] - Send request successfully

2019-04-08 13:43:13 - [TEST_STEP][PASSED] - response = sendRequestAndVerify(findTestObject("ReqresRestService/ListUsers")): Send request and verify the response successfully

2019-04-08 13:43:13 - [TEST_CASE][PASSED] - Start Test Case : Verification: Verification accomplished successfully

2019-04-08 13:43:14 - [TEST_STEP][PASSED] - request = getInstance().getCurrentRequest(): null

2019-04-08 13:43:14 - [TEST_STEP][PASSED] - response = getInstance().getCurrentResponse(): null

2019-04-08 13:43:14 - [TEST_STEP][PASSED] - verifyResponseStatusCode(response, 200): Verify response status code successfully

2019-04-08 13:43:14 - [MESSAGE][PASSED] - Verify response status code successfully

2019-04-08 13:43:14 - [TEST_STEP][PASSED] - getStatusCode()).isEqualTo(200): null

2019-04-08 13:43:14 - [TEST_STEP][PASSED] - verifyElementPropertyValue(response, "data[1].first_name", "Charles"): Verify element property value successfully

2019-04-08 13:43:14 - [MESSAGE][PASSED] - Verify element property value successfully

2019-04-08 13:43:14 - [MESSAGE][PASSED] - Verify response successfully

2019-04-08 13:43:14 - [MESSAGE][PASSED] - Send request and verify the response successfully

2019-04-08 13:43:14 - [TEST_STEP][PASSED] - verifyElementPropertyValue(response, "data[1].first_name", "Charles"): Verify element property value successfully

2019-04-08 13:43:14 - [MESSAGE][PASSED] - Verify element property value successfully

2019-04-08 13:43:14 - [TEST_STEP][PASSED] - verifyElementPropertyValue(response, "data[1].id", "5"): Verify element property value successfully

2019-04-08 13:43:14 - [MESSAGE][PASSED] - Verify element property value successfully

2019-04-08 13:43:14 - [TEST_STEP][PASSED] - verifyElementPropertyValue(response, "data[2].id", "6"): Verify element property value successfully

2019-04-08 13:43:14 - [MESSAGE][PASSED] - Verify element property value successfully

2019-04-08 13:43:14 - [TEST_STEP][PASSED] - verifyElementsCount(response, "data", 3): Verify element count successfully

2019-04-08 13:43:14 - [MESSAGE][PASSED] - Verify element count successfully]]></system-out>
         <system-err><![CDATA[]]></system-err>
      </testcase>
      <system-out><![CDATA[2019-04-08 13:42:42 - [TEST_SUITE][PASSED] - TestSuite1: Test Cases/ReqresTest/UsersListTest]]></system-out>
      <system-err><![CDATA[]]></system-err>
   </testsuite>
</testsuites>
